c:\users\yunjihudong\documents\github\directx_projects\2dengine\debug\vc140.pdb
c:\users\yunjihudong\documents\github\directx_projects\2dengine\debug\vc140.idb
c:\users\yunjihudong\documents\github\directx_projects\2dengine\debug\enginedirect.obj
c:\users\yunjihudong\documents\github\directx_projects\2dengine\debug\enginedirector.obj
c:\users\yunjihudong\documents\github\directx_projects\2dengine\debug\enginelayer.obj
c:\users\yunjihudong\documents\github\directx_projects\2dengine\debug\enginenode.obj
c:\users\yunjihudong\documents\github\directx_projects\2dengine\debug\enginescene.obj
c:\users\yunjihudong\documents\github\directx_projects\2dengine\debug\enginesprite.obj
c:\users\yunjihudong\documents\github\directx_projects\2dengine\debug\enginetexture2d.obj
c:\users\yunjihudong\documents\github\directx_projects\2dengine\debug\enginetexturecache.obj
c:\users\yunjihudong\documents\github\directx_projects\2dengine\debug\enginewindow.obj
c:\users\yunjihudong\documents\github\directx_projects\2dengine\debug\gamelayer.obj
c:\users\yunjihudong\documents\github\directx_projects\2dengine\debug\winmain.obj
c:\users\yunjihudong\documents\github\directx_projects\2dengine\debug\enginecamera.obj
c:\users\yunjihudong\documents\github\directx_projects\2dengine\debug\objectteapot.obj
c:\users\yunjihudong\documents\github\directx_projects\2dengine\debug\2dengine.ilk
c:\users\yunjihudong\documents\github\directx_projects\2dengine\debug\2dengine.exe
c:\users\yunjihudong\documents\github\directx_projects\2dengine\debug\2dengine.pdb
c:\users\yunjihudong\documents\github\directx_projects\2dengine\debug\2dengine.tlog\cl.command.1.tlog
c:\users\yunjihudong\documents\github\directx_projects\2dengine\debug\2dengine.tlog\cl.read.1.tlog
c:\users\yunjihudong\documents\github\directx_projects\2dengine\debug\2dengine.tlog\cl.write.1.tlog
c:\users\yunjihudong\documents\github\directx_projects\2dengine\debug\2dengine.tlog\link.command.1.tlog
c:\users\yunjihudong\documents\github\directx_projects\2dengine\debug\2dengine.tlog\link.read.1.tlog
c:\users\yunjihudong\documents\github\directx_projects\2dengine\debug\2dengine.tlog\link.write.1.tlog
